<?xml version="1.0" encoding="UTF-8"?>
<!-- Generated by org.testng.reporters.JUnitReportReporter -->
<testsuite hostname="DESKTOP-BQPVLVH" failures="0" tests="7" name="tests.BookingWorkflowTest" time="16.324" errors="0" timestamp="2023-08-30T00:18:20 EET" skipped="0">
  <testcase classname="tests.BookingWorkflowTest" name="flightDestination" time="1.954"/>
  <system-out/>
  <testcase classname="tests.BookingWorkflowTest" name="Click_and_open_Date_Picker" time="0.486"/>
  <system-out/>
  <testcase classname="tests.BookingWorkflowTest" name="nightStays" time="1.063"/>
  <system-out/>
  <testcase classname="tests.BookingWorkflowTest" name="flightsSearch" time="10.351"/>
  <system-out/>
  <testcase classname="tests.BookingWorkflowTest" name="verfiy_displayed_Selected_number_ofguest" time="1.117"/>
  <system-out/>
  <testcase classname="tests.BookingWorkflowTest" name="Property_rating" time="0.753"/>
  <system-out/>
  <testcase classname="tests.BookingWorkflowTest" name="verfiy_match_Property_rating" time="0.600"/>
  <system-out/>
</testsuite> <!-- tests.BookingWorkflowTest -->
